<?xml version="1.0" encoding="UTF-8"?>
<!-- Generated by org.testng.reporters.JUnitXMLReporter -->
<testsuite hostname="Lenovo" name="Test" tests="5" failures="0" timestamp="26 Jan 2020 17:22:35 GMT" time="0.14" errors="0">
  <testcase name="test2" time="0.016" classname="org.testng.OrderofAnnotation"/>
  <testcase name="test4" time="0.0" classname="org.testng.OrderofAnnotation"/>
  <testcase name="test" time="0.015" classname="org.testng.SampleTest"/>
  <testcase name="Test1" time="0.0" classname="org.testng.OrderofAnnotation"/>
  <testcase name="test0" time="0.0" classname="org.testng.OrderofAnnotation"/>
</testsuite> <!-- Test -->
